[0mCMake Deprecation Warning at CMakeLists.txt:1 (cmake_minimum_required):
  Compatibility with CMake < 3.10 will be removed from a future version of
  CMake.

  Update the VERSION argument <min> value.  Or, use the <min>...<max> syntax
  to tell CMake that the project requires at least <min> but has been updated
  to work with policies introduced by <max> or earlier.

[0m
[33mCMake Warning (dev) at /opt/ros/humble/share/rosidl_generator_py/cmake/rosidl_generator_py_generate_interfaces.cmake:20 (find_package):
  Policy CMP0148 is not set: The FindPythonInterp and FindPythonLibs modules
  are removed.  Run "cmake --help-policy CMP0148" for policy details.  Use
  the cmake_policy command to set the policy and suppress this warning.

Call Stack (most recent call first):
  /opt/ros/humble/share/ament_cmake_core/cmake/core/ament_execute_extensions.cmake:48 (include)
  /opt/ros/humble/share/rosidl_cmake/cmake/rosidl_generate_interfaces.cmake:286 (ament_execute_extensions)
  CMakeLists.txt:26 (rosidl_generate_interfaces)
This warning is for project developers.  Use -Wno-dev to suppress it.
[0m
[33mCMake Warning (dev) at /opt/ros/humble/share/python_cmake_module/cmake/Modules/FindPythonExtra.cmake:52 (find_package):
  Policy CMP0148 is not set: The FindPythonInterp and FindPythonLibs modules
  are removed.  Run "cmake --help-policy CMP0148" for policy details.  Use
  the cmake_policy command to set the policy and suppress this warning.

Call Stack (most recent call first):
  /opt/ros/humble/share/rosidl_generator_py/cmake/rosidl_generator_py_generate_interfaces.cmake:23 (find_package)
  /opt/ros/humble/share/ament_cmake_core/cmake/core/ament_execute_extensions.cmake:48 (include)
  /opt/ros/humble/share/rosidl_cmake/cmake/rosidl_generate_interfaces.cmake:286 (ament_execute_extensions)
  CMakeLists.txt:26 (rosidl_generate_interfaces)
This warning is for project developers.  Use -Wno-dev to suppress it.
[0m
[33mCMake Warning (dev) at /opt/ros/humble/share/python_cmake_module/cmake/Modules/FindPythonExtra.cmake:140 (find_package):
  Policy CMP0148 is not set: The FindPythonInterp and FindPythonLibs modules
  are removed.  Run "cmake --help-policy CMP0148" for policy details.  Use
  the cmake_policy command to set the policy and suppress this warning.

Call Stack (most recent call first):
  /opt/ros/humble/share/rosidl_generator_py/cmake/rosidl_generator_py_generate_interfaces.cmake:23 (find_package)
  /opt/ros/humble/share/ament_cmake_core/cmake/core/ament_execute_extensions.cmake:48 (include)
  /opt/ros/humble/share/rosidl_cmake/cmake/rosidl_generate_interfaces.cmake:286 (ament_execute_extensions)
  CMakeLists.txt:26 (rosidl_generate_interfaces)
This warning is for project developers.  Use -Wno-dev to suppress it.
[0m
In file included from [01m[K/home/ubuntu/eco_marathon_ws/build/eco_interfaces/rosidl_generator_c/eco_interfaces/msg/detail/parking_area__functions.h:19[m[K,
                 from [01m[K/home/ubuntu/eco_marathon_ws/build/eco_interfaces/rosidl_generator_c/eco_interfaces/msg/detail/parking_area__functions.c:4[m[K:
[01m[K/home/ubuntu/eco_marathon_ws/build/eco_interfaces/rosidl_generator_c/eco_interfaces/msg/detail/parking_area__struct.h:22:10:[m[K [01;31m[Kfatal error: [m[Kstd_msgs/msg/detail/header__struct.h: No such file or directory
   22 | #include [01;31m[K"std_msgs/msg/detail/header__struct.h"[m[K
      |          [01;31m[K^~~~~~~~~~~~~~~~~~~~~~~~~~~~~~~~~~~~~~[m[K
compilation terminated.
In file included from [01m[K/home/ubuntu/eco_marathon_ws/build/eco_interfaces/rosidl_generator_c/eco_interfaces/msg/detail/lane_detection__functions.h:19[m[K,
                 from [01m[K/home/ubuntu/eco_marathon_ws/build/eco_interfaces/rosidl_generator_c/eco_interfaces/msg/detail/lane_detection__functions.c:4[m[K:
[01m[K/home/ubuntu/eco_marathon_ws/build/eco_interfaces/rosidl_generator_c/eco_interfaces/msg/detail/lane_detection__struct.h:22:10:[m[K [01;31m[Kfatal error: [m[Kstd_msgs/msg/detail/header__struct.h: No such file or directory
   22 | #include [01;31m[K"std_msgs/msg/detail/header__struct.h"[m[K
      |          [01;31m[K^~~~~~~~~~~~~~~~~~~~~~~~~~~~~~~~~~~~~~[m[K
compilation terminated.
gmake[2]: *** [CMakeFiles/eco_interfaces__rosidl_generator_c.dir/build.make:230: CMakeFiles/eco_interfaces__rosidl_generator_c.dir/rosidl_generator_c/eco_interfaces/msg/detail/parking_area__functions.c.o] Error 1
gmake[2]: *** Waiting for unfinished jobs....
gmake[2]: *** [CMakeFiles/eco_interfaces__rosidl_generator_c.dir/build.make:188: CMakeFiles/eco_interfaces__rosidl_generator_c.dir/rosidl_generator_c/eco_interfaces/msg/detail/lane_detection__functions.c.o] Error 1
In file included from [01m[K/home/ubuntu/eco_marathon_ws/build/eco_interfaces/rosidl_generator_c/eco_interfaces/msg/detail/obstacle__functions.h:19[m[K,
                 from [01m[K/home/ubuntu/eco_marathon_ws/build/eco_interfaces/rosidl_generator_c/eco_interfaces/msg/detail/obstacle__functions.c:4[m[K:
[01m[K/home/ubuntu/eco_marathon_ws/build/eco_interfaces/rosidl_generator_c/eco_interfaces/msg/detail/obstacle__struct.h:22:10:[m[K [01;31m[Kfatal error: [m[Kstd_msgs/msg/detail/header__struct.h: No such file or directory
   22 | #include [01;31m[K"std_msgs/msg/detail/header__struct.h"[m[K
      |          [01;31m[K^~~~~~~~~~~~~~~~~~~~~~~~~~~~~~~~~~~~~~[m[K
compilation terminated.
gmake[2]: *** [CMakeFiles/eco_interfaces__rosidl_generator_c.dir/build.make:202: CMakeFiles/eco_interfaces__rosidl_generator_c.dir/rosidl_generator_c/eco_interfaces/msg/detail/obstacle__functions.c.o] Error 1
In file included from [01m[K/home/ubuntu/eco_marathon_ws/build/eco_interfaces/rosidl_generator_c/eco_interfaces/msg/detail/obstacles__functions.h:19[m[K,
                 from [01m[K/home/ubuntu/eco_marathon_ws/build/eco_interfaces/rosidl_generator_c/eco_interfaces/msg/detail/obstacles__functions.c:4[m[K:
[01m[K/home/ubuntu/eco_marathon_ws/build/eco_interfaces/rosidl_generator_c/eco_interfaces/msg/detail/obstacles__struct.h:22:10:[m[K [01;31m[Kfatal error: [m[Kstd_msgs/msg/detail/header__struct.h: No such file or directory
   22 | #include [01;31m[K"std_msgs/msg/detail/header__struct.h"[m[K
      |          [01;31m[K^~~~~~~~~~~~~~~~~~~~~~~~~~~~~~~~~~~~~~[m[K
compilation terminated.
gmake[2]: *** [CMakeFiles/eco_interfaces__rosidl_generator_c.dir/build.make:216: CMakeFiles/eco_interfaces__rosidl_generator_c.dir/rosidl_generator_c/eco_interfaces/msg/detail/obstacles__functions.c.o] Error 1
In file included from [01m[K/home/ubuntu/eco_marathon_ws/build/eco_interfaces/rosidl_generator_c/eco_interfaces/msg/detail/system_state__functions.h:19[m[K,
                 from [01m[K/home/ubuntu/eco_marathon_ws/build/eco_interfaces/rosidl_generator_c/eco_interfaces/msg/detail/system_state__functions.c:4[m[K:
[01m[K/home/ubuntu/eco_marathon_ws/build/eco_interfaces/rosidl_generator_c/eco_interfaces/msg/detail/system_state__struct.h:82:10:[m[K [01;31m[Kfatal error: [m[Kstd_msgs/msg/detail/header__struct.h: No such file or directory
   82 | #include [01;31m[K"std_msgs/msg/detail/header__struct.h"[m[K
      |          [01;31m[K^~~~~~~~~~~~~~~~~~~~~~~~~~~~~~~~~~~~~~[m[K
compilation terminated.
In file included from [01m[K/home/ubuntu/eco_marathon_ws/build/eco_interfaces/rosidl_generator_c/eco_interfaces/msg/detail/stop_sign__functions.h:19[m[K,
                 from [01m[K/home/ubuntu/eco_marathon_ws/build/eco_interfaces/rosidl_generator_c/eco_interfaces/msg/detail/stop_sign__functions.c:4[m[K:
[01m[K/home/ubuntu/eco_marathon_ws/build/eco_interfaces/rosidl_generator_c/eco_interfaces/msg/detail/stop_sign__struct.h:22:10:[m[K [01;31m[Kfatal error: [m[Kstd_msgs/msg/detail/header__struct.h: No such file or directory
   22 | #include [01;31m[K"std_msgs/msg/detail/header__struct.h"[m[K
      |          [01;31m[K^~~~~~~~~~~~~~~~~~~~~~~~~~~~~~~~~~~~~~[m[K
compilation terminated.
gmake[2]: *** [CMakeFiles/eco_interfaces__rosidl_generator_c.dir/build.make:258: CMakeFiles/eco_interfaces__rosidl_generator_c.dir/rosidl_generator_c/eco_interfaces/msg/detail/system_state__functions.c.o] Error 1
gmake[2]: *** [CMakeFiles/eco_interfaces__rosidl_generator_c.dir/build.make:244: CMakeFiles/eco_interfaces__rosidl_generator_c.dir/rosidl_generator_c/eco_interfaces/msg/detail/stop_sign__functions.c.o] Error 1
gmake[1]: *** [CMakeFiles/Makefile2:258: CMakeFiles/eco_interfaces__rosidl_generator_c.dir/all] Error 2
gmake[1]: *** Waiting for unfinished jobs....
gmake: *** [Makefile:146: all] Error 2
