[0.669s] Invoking command in '/home/ubuntu/eco_marathon_ws/build/eco_interfaces': CMAKE_PREFIX_PATH=${CMAKE_PREFIX_PATH}:/home/ubuntu/eco_marathon_ws/install/eco_planning:/home/ubuntu/eco_marathon_ws/install/eco_perception:/home/ubuntu/eco_marathon_ws/install/eco_localization:/home/ubuntu/eco_marathon_ws/install/eco_control:/home/ubuntu/ros2_ws/install/vehicle_interface:/home/ubuntu/ros2_ws/install/stop_sign:/home/ubuntu/ros2_ws/install/my_robot_controller:/home/ubuntu/ros2_ws/install/lane_detection:/home/ubuntu/ros2_ws/install/control:/opt/ros/humble /home/ubuntu/.local/bin/cmake /home/ubuntu/eco_marathon_ws/src/eco_interfaces -DCMAKE_INSTALL_PREFIX=/home/ubuntu/eco_marathon_ws/install/eco_interfaces
[1.937s] -- The C compiler identification is GNU 11.4.0
[1.937s] -- The CXX compiler identification is GNU 11.4.0
[1.937s] -- Detecting C compiler ABI info
[1.937s] -- Detecting C compiler ABI info - done
[1.937s] -- Check for working C compiler: /usr/bin/cc - skipped
[1.937s] -- Detecting C compile features
[1.938s] -- Detecting C compile features - done
[1.938s] -- Detecting CXX compiler ABI info
[1.938s] -- Detecting CXX compiler ABI info - done
[1.938s] -- Check for working CXX compiler: /usr/bin/c++ - skipped
[1.938s] -- Detecting CXX compile features
[1.938s] -- Detecting CXX compile features - done
[1.938s] -- Found ament_cmake: 1.3.11 (/opt/ros/humble/share/ament_cmake/cmake)
[1.938s] -- Found Python3: /usr/bin/python3 (found version "3.10.12") found components: Interpreter
[1.939s] [0mCMake Deprecation Warning at CMakeLists.txt:1 (cmake_minimum_required):
[1.939s]   Compatibility with CMake < 3.10 will be removed from a future version of
[1.939s]   CMake.
[1.939s] 
[1.939s]   Update the VERSION argument <min> value.  Or, use the <min>...<max> syntax
[1.939s]   to tell CMake that the project requires at least <min> but has been updated
[1.939s]   to work with policies introduced by <max> or earlier.
[1.939s] 
[1.939s] [0m
[2.032s] -- Found std_msgs: 4.8.0 (/opt/ros/humble/share/std_msgs/cmake)
[2.175s] -- Found rosidl_generator_c: 3.1.6 (/opt/ros/humble/share/rosidl_generator_c/cmake)
[2.199s] -- Found rosidl_adapter: 3.1.6 (/opt/ros/humble/share/rosidl_adapter/cmake)
[2.232s] -- Found rosidl_generator_cpp: 3.1.6 (/opt/ros/humble/share/rosidl_generator_cpp/cmake)
[2.275s] -- Using all available rosidl_typesupport_c: rosidl_typesupport_fastrtps_c;rosidl_typesupport_introspection_c
[2.334s] -- Using all available rosidl_typesupport_cpp: rosidl_typesupport_fastrtps_cpp;rosidl_typesupport_introspection_cpp
[2.420s] -- Found geometry_msgs: 4.8.0 (/opt/ros/humble/share/geometry_msgs/cmake)
[2.459s] -- Found ament_lint_auto: 0.12.12 (/opt/ros/humble/share/ament_lint_auto/cmake)
[2.704s] -- Found rosidl_default_generators: 1.2.0 (/opt/ros/humble/share/rosidl_default_generators/cmake)
[3.746s] -- Found ament_cmake_ros: 0.10.0 (/opt/ros/humble/share/ament_cmake_ros/cmake)
[5.637s] -- Using all available rosidl_typesupport_c: rosidl_typesupport_fastrtps_c;rosidl_typesupport_introspection_c
[6.311s] -- Using all available rosidl_typesupport_cpp: rosidl_typesupport_fastrtps_cpp;rosidl_typesupport_introspection_cpp
[6.316s] [33mCMake Warning (dev) at /opt/ros/humble/share/rosidl_generator_py/cmake/rosidl_generator_py_generate_interfaces.cmake:20 (find_package):
[6.316s]   Policy CMP0148 is not set: The FindPythonInterp and FindPythonLibs modules
[6.317s]   are removed.  Run "cmake --help-policy CMP0148" for policy details.  Use
[6.317s]   the cmake_policy command to set the policy and suppress this warning.
[6.317s] 
[6.317s] Call Stack (most recent call first):
[6.317s]   /opt/ros/humble/share/ament_cmake_core/cmake/core/ament_execute_extensions.cmake:48 (include)
[6.317s]   /opt/ros/humble/share/rosidl_cmake/cmake/rosidl_generate_interfaces.cmake:286 (ament_execute_extensions)
[6.317s]   CMakeLists.txt:26 (rosidl_generate_interfaces)
[6.317s] This warning is for project developers.  Use -Wno-dev to suppress it.
[6.317s] [0m
[6.369s] -- Found PythonInterp: /usr/bin/python3 (found suitable version "3.10.12", minimum required is "3.6")
[6.382s] -- Found python_cmake_module: 0.10.0 (/opt/ros/humble/share/python_cmake_module/cmake)
[6.383s] [33mCMake Warning (dev) at /opt/ros/humble/share/python_cmake_module/cmake/Modules/FindPythonExtra.cmake:52 (find_package):
[6.383s]   Policy CMP0148 is not set: The FindPythonInterp and FindPythonLibs modules
[6.383s]   are removed.  Run "cmake --help-policy CMP0148" for policy details.  Use
[6.383s]   the cmake_policy command to set the policy and suppress this warning.
[6.383s] 
[6.384s] Call Stack (most recent call first):
[6.384s]   /opt/ros/humble/share/rosidl_generator_py/cmake/rosidl_generator_py_generate_interfaces.cmake:23 (find_package)
[6.384s]   /opt/ros/humble/share/ament_cmake_core/cmake/core/ament_execute_extensions.cmake:48 (include)
[6.384s]   /opt/ros/humble/share/rosidl_cmake/cmake/rosidl_generate_interfaces.cmake:286 (ament_execute_extensions)
[6.384s]   CMakeLists.txt:26 (rosidl_generate_interfaces)
[6.384s] This warning is for project developers.  Use -Wno-dev to suppress it.
[6.384s] [0m
[6.447s] [33mCMake Warning (dev) at /opt/ros/humble/share/python_cmake_module/cmake/Modules/FindPythonExtra.cmake:140 (find_package):
[6.448s]   Policy CMP0148 is not set: The FindPythonInterp and FindPythonLibs modules
[6.448s]   are removed.  Run "cmake --help-policy CMP0148" for policy details.  Use
[6.448s]   the cmake_policy command to set the policy and suppress this warning.
[6.448s] 
[6.448s] Call Stack (most recent call first):
[6.448s]   /opt/ros/humble/share/rosidl_generator_py/cmake/rosidl_generator_py_generate_interfaces.cmake:23 (find_package)
[6.448s]   /opt/ros/humble/share/ament_cmake_core/cmake/core/ament_execute_extensions.cmake:48 (include)
[6.448s]   /opt/ros/humble/share/rosidl_cmake/cmake/rosidl_generate_interfaces.cmake:286 (ament_execute_extensions)
[6.449s]   CMakeLists.txt:26 (rosidl_generate_interfaces)
[6.449s] This warning is for project developers.  Use -Wno-dev to suppress it.
[6.449s] [0m
[6.463s] -- Found PythonLibs: /usr/lib/aarch64-linux-gnu/libpython3.10.so (found suitable version "3.10.12", minimum required is "3.5")
[6.464s] -- Using PYTHON_EXECUTABLE: /usr/bin/python3
[6.464s] -- Using PYTHON_INCLUDE_DIRS: /usr/include/python3.10
[6.464s] -- Using PYTHON_LIBRARIES: /usr/lib/aarch64-linux-gnu/libpython3.10.so
[6.521s] -- Found PythonExtra: .so
[6.625s] -- Added test 'lint_cmake' to check CMake code style
[6.628s] -- Added test 'xmllint' to check XML markup files
[6.640s] -- Configuring done (5.8s)
[6.736s] -- Generating done (0.1s)
[6.755s] -- Build files have been written to: /home/ubuntu/eco_marathon_ws/build/eco_interfaces
[6.788s] Invoked command in '/home/ubuntu/eco_marathon_ws/build/eco_interfaces' returned '0': CMAKE_PREFIX_PATH=${CMAKE_PREFIX_PATH}:/home/ubuntu/eco_marathon_ws/install/eco_planning:/home/ubuntu/eco_marathon_ws/install/eco_perception:/home/ubuntu/eco_marathon_ws/install/eco_localization:/home/ubuntu/eco_marathon_ws/install/eco_control:/home/ubuntu/ros2_ws/install/vehicle_interface:/home/ubuntu/ros2_ws/install/stop_sign:/home/ubuntu/ros2_ws/install/my_robot_controller:/home/ubuntu/ros2_ws/install/lane_detection:/home/ubuntu/ros2_ws/install/control:/opt/ros/humble /home/ubuntu/.local/bin/cmake /home/ubuntu/eco_marathon_ws/src/eco_interfaces -DCMAKE_INSTALL_PREFIX=/home/ubuntu/eco_marathon_ws/install/eco_interfaces
[6.792s] Invoking command in '/home/ubuntu/eco_marathon_ws/build/eco_interfaces': CMAKE_PREFIX_PATH=${CMAKE_PREFIX_PATH}:/home/ubuntu/eco_marathon_ws/install/eco_planning:/home/ubuntu/eco_marathon_ws/install/eco_perception:/home/ubuntu/eco_marathon_ws/install/eco_localization:/home/ubuntu/eco_marathon_ws/install/eco_control:/home/ubuntu/ros2_ws/install/vehicle_interface:/home/ubuntu/ros2_ws/install/stop_sign:/home/ubuntu/ros2_ws/install/my_robot_controller:/home/ubuntu/ros2_ws/install/lane_detection:/home/ubuntu/ros2_ws/install/control:/opt/ros/humble /home/ubuntu/.local/bin/cmake --build /home/ubuntu/eco_marathon_ws/build/eco_interfaces -- -j8 -l8
[7.008s] [  1%] [34m[1mGenerating C code for ROS interfaces[0m
[7.015s] [  2%] [34m[1mGenerating C++ code for ROS interfaces[0m
[7.022s] [  2%] Built target ament_cmake_python_copy_eco_interfaces
[7.566s] running egg_info
[7.568s] creating eco_interfaces.egg-info
[7.568s] writing eco_interfaces.egg-info/PKG-INFO
[7.576s] writing dependency_links to eco_interfaces.egg-info/dependency_links.txt
[7.576s] writing top-level names to eco_interfaces.egg-info/top_level.txt
[7.576s] writing manifest file 'eco_interfaces.egg-info/SOURCES.txt'
[7.577s] reading manifest file 'eco_interfaces.egg-info/SOURCES.txt'
[7.577s] writing manifest file 'eco_interfaces.egg-info/SOURCES.txt'
[7.655s] [  2%] Built target ament_cmake_python_build_eco_interfaces_egg
[8.266s] [  4%] [32mBuilding C object CMakeFiles/eco_interfaces__rosidl_generator_c.dir/rosidl_generator_c/eco_interfaces/msg/detail/lane_detection__functions.c.o[0m
[8.269s] [  5%] [32mBuilding C object CMakeFiles/eco_interfaces__rosidl_generator_c.dir/rosidl_generator_c/eco_interfaces/msg/detail/obstacle__functions.c.o[0m
[8.274s] [  7%] [32mBuilding C object CMakeFiles/eco_interfaces__rosidl_generator_c.dir/rosidl_generator_c/eco_interfaces/msg/detail/obstacles__functions.c.o[0m
[8.277s] [  8%] [32mBuilding C object CMakeFiles/eco_interfaces__rosidl_generator_c.dir/rosidl_generator_c/eco_interfaces/msg/detail/parking_area__functions.c.o[0m
[8.285s] [  9%] [32mBuilding C object CMakeFiles/eco_interfaces__rosidl_generator_c.dir/rosidl_generator_c/eco_interfaces/msg/detail/stop_sign__functions.c.o[0m
[8.313s] In file included from [01m[K/home/ubuntu/eco_marathon_ws/build/eco_interfaces/rosidl_generator_c/eco_interfaces/msg/detail/parking_area__functions.h:19[m[K,
[8.314s]                  from [01m[K/home/ubuntu/eco_marathon_ws/build/eco_interfaces/rosidl_generator_c/eco_interfaces/msg/detail/parking_area__functions.c:4[m[K:
[8.314s] [01m[K/home/ubuntu/eco_marathon_ws/build/eco_interfaces/rosidl_generator_c/eco_interfaces/msg/detail/parking_area__struct.h:22:10:[m[K [01;31m[Kfatal error: [m[Kstd_msgs/msg/detail/header__struct.h: No such file or directory
[8.314s]    22 | #include [01;31m[K"std_msgs/msg/detail/header__struct.h"[m[K
[8.314s]       |          [01;31m[K^~~~~~~~~~~~~~~~~~~~~~~~~~~~~~~~~~~~~~[m[K
[8.314s] compilation terminated.
[8.315s] In file included from [01m[K/home/ubuntu/eco_marathon_ws/build/eco_interfaces/rosidl_generator_c/eco_interfaces/msg/detail/lane_detection__functions.h:19[m[K,
[8.315s]                  from [01m[K/home/ubuntu/eco_marathon_ws/build/eco_interfaces/rosidl_generator_c/eco_interfaces/msg/detail/lane_detection__functions.c:4[m[K:
[8.315s] [01m[K/home/ubuntu/eco_marathon_ws/build/eco_interfaces/rosidl_generator_c/eco_interfaces/msg/detail/lane_detection__struct.h:22:10:[m[K [01;31m[Kfatal error: [m[Kstd_msgs/msg/detail/header__struct.h: No such file or directory
[8.316s]    22 | #include [01;31m[K"std_msgs/msg/detail/header__struct.h"[m[K
[8.316s]       |          [01;31m[K^~~~~~~~~~~~~~~~~~~~~~~~~~~~~~~~~~~~~~[m[K
[8.316s] compilation terminated.
[8.318s] gmake[2]: *** [CMakeFiles/eco_interfaces__rosidl_generator_c.dir/build.make:230: CMakeFiles/eco_interfaces__rosidl_generator_c.dir/rosidl_generator_c/eco_interfaces/msg/detail/parking_area__functions.c.o] Error 1
[8.318s] gmake[2]: *** Waiting for unfinished jobs....
[8.329s] [ 11%] [32mBuilding C object CMakeFiles/eco_interfaces__rosidl_generator_c.dir/rosidl_generator_c/eco_interfaces/msg/detail/system_state__functions.c.o[0m
[8.333s] gmake[2]: *** [CMakeFiles/eco_interfaces__rosidl_generator_c.dir/build.make:188: CMakeFiles/eco_interfaces__rosidl_generator_c.dir/rosidl_generator_c/eco_interfaces/msg/detail/lane_detection__functions.c.o] Error 1
[8.349s] In file included from [01m[K/home/ubuntu/eco_marathon_ws/build/eco_interfaces/rosidl_generator_c/eco_interfaces/msg/detail/obstacle__functions.h:19[m[K,
[8.350s]                  from [01m[K/home/ubuntu/eco_marathon_ws/build/eco_interfaces/rosidl_generator_c/eco_interfaces/msg/detail/obstacle__functions.c:4[m[K:
[8.350s] [01m[K/home/ubuntu/eco_marathon_ws/build/eco_interfaces/rosidl_generator_c/eco_interfaces/msg/detail/obstacle__struct.h:22:10:[m[K [01;31m[Kfatal error: [m[Kstd_msgs/msg/detail/header__struct.h: No such file or directory
[8.350s]    22 | #include [01;31m[K"std_msgs/msg/detail/header__struct.h"[m[K
[8.350s]       |          [01;31m[K^~~~~~~~~~~~~~~~~~~~~~~~~~~~~~~~~~~~~~[m[K
[8.351s] compilation terminated.
[8.354s] gmake[2]: *** [CMakeFiles/eco_interfaces__rosidl_generator_c.dir/build.make:202: CMakeFiles/eco_interfaces__rosidl_generator_c.dir/rosidl_generator_c/eco_interfaces/msg/detail/obstacle__functions.c.o] Error 1
[8.358s] In file included from [01m[K/home/ubuntu/eco_marathon_ws/build/eco_interfaces/rosidl_generator_c/eco_interfaces/msg/detail/obstacles__functions.h:19[m[K,
[8.358s]                  from [01m[K/home/ubuntu/eco_marathon_ws/build/eco_interfaces/rosidl_generator_c/eco_interfaces/msg/detail/obstacles__functions.c:4[m[K:
[8.358s] [01m[K/home/ubuntu/eco_marathon_ws/build/eco_interfaces/rosidl_generator_c/eco_interfaces/msg/detail/obstacles__struct.h:22:10:[m[K [01;31m[Kfatal error: [m[Kstd_msgs/msg/detail/header__struct.h: No such file or directory
[8.359s]    22 | #include [01;31m[K"std_msgs/msg/detail/header__struct.h"[m[K
[8.359s]       |          [01;31m[K^~~~~~~~~~~~~~~~~~~~~~~~~~~~~~~~~~~~~~[m[K
[8.360s] compilation terminated.
[8.363s] gmake[2]: *** [CMakeFiles/eco_interfaces__rosidl_generator_c.dir/build.make:216: CMakeFiles/eco_interfaces__rosidl_generator_c.dir/rosidl_generator_c/eco_interfaces/msg/detail/obstacles__functions.c.o] Error 1
[8.367s] In file included from [01m[K/home/ubuntu/eco_marathon_ws/build/eco_interfaces/rosidl_generator_c/eco_interfaces/msg/detail/system_state__functions.h:19[m[K,
[8.368s]                  from [01m[K/home/ubuntu/eco_marathon_ws/build/eco_interfaces/rosidl_generator_c/eco_interfaces/msg/detail/system_state__functions.c:4[m[K:
[8.368s] [01m[K/home/ubuntu/eco_marathon_ws/build/eco_interfaces/rosidl_generator_c/eco_interfaces/msg/detail/system_state__struct.h:82:10:[m[K [01;31m[Kfatal error: [m[Kstd_msgs/msg/detail/header__struct.h: No such file or directory
[8.368s]    82 | #include [01;31m[K"std_msgs/msg/detail/header__struct.h"[m[K
[8.368s]       |          [01;31m[K^~~~~~~~~~~~~~~~~~~~~~~~~~~~~~~~~~~~~~[m[K
[8.369s] compilation terminated.
[8.369s] In file included from [01m[K/home/ubuntu/eco_marathon_ws/build/eco_interfaces/rosidl_generator_c/eco_interfaces/msg/detail/stop_sign__functions.h:19[m[K,
[8.369s]                  from [01m[K/home/ubuntu/eco_marathon_ws/build/eco_interfaces/rosidl_generator_c/eco_interfaces/msg/detail/stop_sign__functions.c:4[m[K:
[8.370s] [01m[K/home/ubuntu/eco_marathon_ws/build/eco_interfaces/rosidl_generator_c/eco_interfaces/msg/detail/stop_sign__struct.h:22:10:[m[K [01;31m[Kfatal error: [m[Kstd_msgs/msg/detail/header__struct.h: No such file or directory
[8.370s]    22 | #include [01;31m[K"std_msgs/msg/detail/header__struct.h"[m[K
[8.370s]       |          [01;31m[K^~~~~~~~~~~~~~~~~~~~~~~~~~~~~~~~~~~~~~[m[K
[8.370s] compilation terminated.
[8.372s] gmake[2]: *** [CMakeFiles/eco_interfaces__rosidl_generator_c.dir/build.make:258: CMakeFiles/eco_interfaces__rosidl_generator_c.dir/rosidl_generator_c/eco_interfaces/msg/detail/system_state__functions.c.o] Error 1
[8.376s] gmake[2]: *** [CMakeFiles/eco_interfaces__rosidl_generator_c.dir/build.make:244: CMakeFiles/eco_interfaces__rosidl_generator_c.dir/rosidl_generator_c/eco_interfaces/msg/detail/stop_sign__functions.c.o] Error 1
[8.376s] gmake[1]: *** [CMakeFiles/Makefile2:258: CMakeFiles/eco_interfaces__rosidl_generator_c.dir/all] Error 2
[8.376s] gmake[1]: *** Waiting for unfinished jobs....
[8.387s] [ 11%] Built target eco_interfaces__cpp
[8.388s] gmake: *** [Makefile:146: all] Error 2
[8.392s] Invoked command in '/home/ubuntu/eco_marathon_ws/build/eco_interfaces' returned '2': CMAKE_PREFIX_PATH=${CMAKE_PREFIX_PATH}:/home/ubuntu/eco_marathon_ws/install/eco_planning:/home/ubuntu/eco_marathon_ws/install/eco_perception:/home/ubuntu/eco_marathon_ws/install/eco_localization:/home/ubuntu/eco_marathon_ws/install/eco_control:/home/ubuntu/ros2_ws/install/vehicle_interface:/home/ubuntu/ros2_ws/install/stop_sign:/home/ubuntu/ros2_ws/install/my_robot_controller:/home/ubuntu/ros2_ws/install/lane_detection:/home/ubuntu/ros2_ws/install/control:/opt/ros/humble /home/ubuntu/.local/bin/cmake --build /home/ubuntu/eco_marathon_ws/build/eco_interfaces -- -j8 -l8
